Sender: LSF System <lsfadmin@lc06e29>
Subject: Job 160887978: <gotcha_data> in cluster <chimera> Done

Job <gotcha_data> was submitted from host <lg03a08> by user <wheeln02> in cluster <chimera> at Wed Dec 18 10:59:04 2024
Job was executed on host(s) <lc06e29>, in queue <premium>, as user <wheeln02> in cluster <chimera> at Wed Dec 18 10:59:05 2024
</hpc/users/wheeln02> was used as the home directory.
</sc/arion/projects/MDS/noelle/gotcha_pipeline_nwheeler/Gotcha_nw_test> was used as the working directory.
Started at Wed Dec 18 10:59:05 2024
Terminated at Wed Dec 18 11:19:08 2024
Results reported at Wed Dec 18 11:19:08 2024

Your job looked like:

------------------------------------------------------------
# LSBATCH: User input
#!/bin/bash
#BSUB -J gotcha_data
#BSUB -P acc_MDS 
#BSUB -q premium
#BSUB -n 1
#BSUB -W 24:00
#BSUB -R rusage[mem=10GB]
#BSUB -R span[hosts=1] 
#BSUB -oo %J.stdout
#BSUB -eo %J.stderr
#BSUB -R "select[osmajor!=CENT7]"
#BSUB -L /bin/bash


module load R/4.2.0
module load nlopt

#Rscript GoTChA_test_full_MutCall.R
Rscript test_mut_calling.R
#Rscript test_mut_calling_approx.R

------------------------------------------------------------

Successfully completed.

Resource usage summary:

    CPU time :                                   1192.99 sec.
    Max Memory :                                 2261 MB
    Average Memory :                             1823.44 MB
    Total Requested Memory :                     10240.00 MB
    Delta Memory :                               7979.00 MB
    Max Swap :                                   -
    Max Processes :                              4
    Max Threads :                                100
    Run time :                                   1203 sec.
    Turnaround time :                            1204 sec.

The output (if any) follows:

[1] "start time:"
[1] "2024-12-18 10:59:16 EST"
[1] "before barcode match"
[1] "2024-12-18 10:59:35 EST"
[1] "barcodes left"
[1] 1991292
[1] "after perfect match"
[1] "2024-12-18 10:59:37 EST"
[1] "barcodes left:"
[1] 53722
[1] "finished rann"
[1] "2024-12-18 11:02:48 EST"
[1] "finished hamming"
[1] "2024-12-18 11:02:51 EST"
[1] "barcodes left:"
[1] 38384
[1] "finished rann2"
[1] "2024-12-18 11:05:24 EST"
[1] "finished hamming2"
[1] "2024-12-18 11:05:28 EST"
[1] "barcodes left:"
[1] 28715
[1] "finished hamming on everything left over"
[1] "2024-12-18 11:18:51 EST"
[1] "barcodes left:"
[1] 14888
[1] "finished time:"
[1] "2024-12-18 11:19:01 EST"


PS:

Read file <160887978.stderr> for stderr output of this job.

