Sender: LSF System <lsfadmin@lh06c33>
Subject: Job 161021870: <gotcha_data> in cluster <chimera> Done

Job <gotcha_data> was submitted from host <lg03a08> by user <wheeln02> in cluster <chimera> at Wed Dec 18 23:29:03 2024
Job was executed on host(s) <lh06c33>, in queue <premium>, as user <wheeln02> in cluster <chimera> at Wed Dec 18 23:29:10 2024
</hpc/users/wheeln02> was used as the home directory.
</sc/arion/projects/MDS/noelle/gotcha_pipeline_nwheeler/Gotcha_nw_test> was used as the working directory.
Started at Wed Dec 18 23:29:10 2024
Terminated at Wed Dec 18 23:40:43 2024
Results reported at Wed Dec 18 23:40:43 2024

Your job looked like:

------------------------------------------------------------
# LSBATCH: User input
#!/bin/bash
#BSUB -J gotcha_data
#BSUB -P acc_MDS 
#BSUB -q premium
#BSUB -n 1
#BSUB -W 24:00
#BSUB -R rusage[mem=10GB]
#BSUB -R span[hosts=1] 
#BSUB -oo %J.stdout
#BSUB -eo %J.stderr
#BSUB -R "select[osmajor!=CENT7]"
#BSUB -L /bin/bash


module load R/4.2.0
module load nlopt

#Rscript GoTChA_test_full_MutCall.R
Rscript test_mut_calling.R
#Rscript test_mut_calling_approx.R

------------------------------------------------------------

Successfully completed.

Resource usage summary:

    CPU time :                                   687.07 sec.
    Max Memory :                                 2126 MB
    Average Memory :                             1803.76 MB
    Total Requested Memory :                     10240.00 MB
    Delta Memory :                               8114.00 MB
    Max Swap :                                   -
    Max Processes :                              4
    Max Threads :                                6
    Run time :                                   695 sec.
    Turnaround time :                            700 sec.

The output (if any) follows:

[1] "start time:"
[1] "2024-12-18 23:29:22 EST"
[1] "before barcode match"
[1] "2024-12-18 23:29:43 EST"
[1] "barcodes left"
[1] 1991292
[1] "after perfect match"
[1] "2024-12-18 23:29:47 EST"
[1] "barcodes left:"
[1] 53722
[1] "finished rann1"
[1] "finished rann2"
[1] "2024-12-18 23:40:19 EST"
[1] "finished hamming for too many matches"
[1] "2024-12-18 23:40:23 EST"
[1] "barcodes left"
[1] 0
[1] "finished amatch for no match"
[1] "2024-12-18 23:40:23 EST"
[1] "barcodes left"
[1] 0
[1] "finished hamming on everything left over"
[1] "2024-12-18 23:40:23 EST"
[1] "finished time:"
[1] "2024-12-18 23:40:36 EST"


PS:

Read file <161021870.stderr> for stderr output of this job.

