Sender: LSF System <lsfadmin@lh06c19>
Subject: Job 161593408: <gotcha_data> in cluster <chimera> Exited

Job <gotcha_data> was submitted from host <lh06c31> by user <wheeln02> in cluster <chimera> at Thu Dec 19 12:37:22 2024
Job was executed on host(s) <lh06c19>, in queue <premium>, as user <wheeln02> in cluster <chimera> at Thu Dec 19 12:37:26 2024
</hpc/users/wheeln02> was used as the home directory.
</sc/arion/projects/MDS/noelle/gotcha_pipeline_nwheeler/Gotcha_nw_test> was used as the working directory.
Started at Thu Dec 19 12:37:26 2024
Terminated at Thu Dec 19 13:06:40 2024
Results reported at Thu Dec 19 13:06:40 2024

Your job looked like:

------------------------------------------------------------
# LSBATCH: User input
#!/bin/bash
#BSUB -J gotcha_data
#BSUB -P acc_MDS 
#BSUB -q premium
#BSUB -n 1
#BSUB -W 24:00
#BSUB -R rusage[mem=10GB]
#BSUB -R span[hosts=1] 
#BSUB -oo %J.stdout
#BSUB -eo %J.stderr
#BSUB -R "select[osmajor!=CENT7]"
#BSUB -L /bin/bash


module load R/4.2.0
module load nlopt

#Rscript GoTChA_test_full_MutCall.R
Rscript test_mut_calling.R
#Rscript test_mut_calling_approx.R

------------------------------------------------------------

Exited with exit code 1.

Resource usage summary:

    CPU time :                                   1745.05 sec.
    Max Memory :                                 2125 MB
    Average Memory :                             1786.21 MB
    Total Requested Memory :                     10240.00 MB
    Delta Memory :                               8115.00 MB
    Max Swap :                                   -
    Max Processes :                              4
    Max Threads :                                52
    Run time :                                   1754 sec.
    Turnaround time :                            1758 sec.

The output (if any) follows:

[1] "start time:"
[1] "2024-12-19 12:37:38 EST"
[1] "before barcode match"
[1] "2024-12-19 12:37:59 EST"
[1] "barcodes left"
[1] 1991292
[1] "after perfect match"
[1] "2024-12-19 12:38:01 EST"
[1] "barcodes left:"
[1] 53722
[1] "finished rann1"
[1] "finished rann2"
[1] "2024-12-19 12:48:04 EST"
[1] "GAACCTAAGTCTCTCT"
[1] "GAACCTAAGTCTCTAG" "GAACCTAAGTCTCGAT" "GAACCTAAGTCCCTCT" "GAACCTAAGTCTGTGT"
[1] "finished hamming for too many matches"
[1] "2024-12-19 12:48:09 EST"
[1] "barcodes left"
[1] 45513
[1] "finished amatch for no match"
[1] "2024-12-19 13:06:40 EST"
[1] "barcodes left"
[1] 30625


PS:

Read file <161593408.stderr> for stderr output of this job.

