Sender: LSF System <lsfadmin@lh06c21>
Subject: Job 161653538: <gotcha_data> in cluster <chimera> Done

Job <gotcha_data> was submitted from host <lh06c31> by user <wheeln02> in cluster <chimera> at Thu Dec 19 13:13:31 2024
Job was executed on host(s) <lh06c21>, in queue <premium>, as user <wheeln02> in cluster <chimera> at Thu Dec 19 13:13:35 2024
</hpc/users/wheeln02> was used as the home directory.
</sc/arion/projects/MDS/noelle/gotcha_pipeline_nwheeler/Gotcha_nw_test> was used as the working directory.
Started at Thu Dec 19 13:13:35 2024
Terminated at Thu Dec 19 15:47:15 2024
Results reported at Thu Dec 19 15:47:15 2024

Your job looked like:

------------------------------------------------------------
# LSBATCH: User input
#!/bin/bash
#BSUB -J gotcha_data
#BSUB -P acc_MDS 
#BSUB -q premium
#BSUB -n 1
#BSUB -W 24:00
#BSUB -R rusage[mem=10GB]
#BSUB -R span[hosts=1] 
#BSUB -oo %J.stdout
#BSUB -eo %J.stderr
#BSUB -R "select[osmajor!=CENT7]"
#BSUB -L /bin/bash


module load R/4.2.0
module load nlopt

#Rscript GoTChA_test_full_MutCall.R
Rscript test_mut_calling.R
#Rscript test_mut_calling_approx.R

------------------------------------------------------------

Successfully completed.

Resource usage summary:

    CPU time :                                   9176.00 sec.
    Max Memory :                                 2227 MB
    Average Memory :                             1997.62 MB
    Total Requested Memory :                     10240.00 MB
    Delta Memory :                               8013.00 MB
    Max Swap :                                   -
    Max Processes :                              4
    Max Threads :                                52
    Run time :                                   9220 sec.
    Turnaround time :                            9224 sec.

The output (if any) follows:

[1] "start time:"
[1] "2024-12-19 13:13:47 EST"
[1] "before barcode match"
[1] "2024-12-19 13:14:09 EST"
[1] "barcodes left"
[1] 1991292
[1] "after perfect match"
[1] "2024-12-19 13:14:12 EST"
[1] "barcodes left:"
[1] 53722
[1] "finished rann1"
[1] "finished rann2"
[1] "2024-12-19 13:24:29 EST"
[1] "GAACCTAAGTCTCTCT"
[1] "GAACCTAAGTCTCTAG" "GAACCTAAGTCTCGAT" "GAACCTAAGTCTGTGT" "GAACCTAAGTCCCTCT"
[5] "GAACCTAAGTCTGTGT" "GAACCTAAGTCACACT"
[1] "finished hamming for too many matches"
[1] "2024-12-19 13:24:34 EST"
[1] "barcodes left"
[1] 45419
[1] "finished amatch for no match"
[1] "2024-12-19 13:42:41 EST"
[1] "barcodes left"
[1] 30531
[1] "finished hamming on everything left over"
[1] "2024-12-19 15:46:55 EST"
[1] "finished time:"
[1] "2024-12-19 15:47:07 EST"


PS:

Read file <161653538.stderr> for stderr output of this job.

